<?xml version="1.0" encoding="UTF-8"?>
<testsuite name="com.brainacad.oop.testjunit.testcase.TemperatureConverterC2FTest" time="0.005" tests="46" errors="0" skipped="0" failures="0">
  <properties>
    <property name="java.runtime.name" value="Java(TM) SE Runtime Environment"/>
    <property name="sun.boot.library.path" value="/usr/lib/jvm/java-8-oracle/jre/lib/amd64"/>
    <property name="java.vm.version" value="25.131-b11"/>
    <property name="java.vm.vendor" value="Oracle Corporation"/>
    <property name="maven.multiModuleProjectDirectory" value="/docs/docs/c/my_docs/metods_books/brainacad-java/p2/ci-travis-demo"/>
    <property name="java.vendor.url" value="http://java.oracle.com/"/>
    <property name="path.separator" value=":"/>
    <property name="guice.disable.misplaced.annotation.check" value="true"/>
    <property name="java.vm.name" value="Java HotSpot(TM) 64-Bit Server VM"/>
    <property name="file.encoding.pkg" value="sun.io"/>
    <property name="user.country" value="UA"/>
    <property name="sun.java.launcher" value="SUN_STANDARD"/>
    <property name="sun.os.patch.level" value="unknown"/>
    <property name="java.vm.specification.name" value="Java Virtual Machine Specification"/>
    <property name="user.dir" value="/docs/docs/c/my_docs/metods_books/brainacad-java/p2/ci-travis-demo"/>
    <property name="java.runtime.version" value="1.8.0_131-b11"/>
    <property name="java.awt.graphicsenv" value="sun.awt.X11GraphicsEnvironment"/>
    <property name="java.endorsed.dirs" value="/usr/lib/jvm/java-8-oracle/jre/lib/endorsed"/>
    <property name="os.arch" value="amd64"/>
    <property name="java.io.tmpdir" value="/tmp"/>
    <property name="line.separator" value="&#10;"/>
    <property name="java.vm.specification.vendor" value="Oracle Corporation"/>
    <property name="os.name" value="Linux"/>
    <property name="classworlds.conf" value="/usr/share/maven/bin/m2.conf"/>
    <property name="sun.jnu.encoding" value="UTF-8"/>
    <property name="java.library.path" value="/usr/java/packages/lib/amd64:/usr/lib64:/lib64:/lib:/usr/lib"/>
    <property name="java.specification.name" value="Java Platform API Specification"/>
    <property name="java.class.version" value="52.0"/>
    <property name="sun.management.compiler" value="HotSpot 64-Bit Tiered Compilers"/>
    <property name="os.version" value="4.9.0-3-amd64"/>
    <property name="user.home" value="/home/andriy"/>
    <property name="user.timezone" value="Europe/Kiev"/>
    <property name="java.awt.printerjob" value="sun.print.PSPrinterJob"/>
    <property name="file.encoding" value="UTF-8"/>
    <property name="java.specification.version" value="1.8"/>
    <property name="user.name" value="andriy"/>
    <property name="java.class.path" value="/usr/share/maven/boot/plexus-classworlds-2.x.jar"/>
    <property name="java.vm.specification.version" value="1.8"/>
    <property name="sun.arch.data.model" value="64"/>
    <property name="java.home" value="/usr/lib/jvm/java-8-oracle/jre"/>
    <property name="sun.java.command" value="org.codehaus.plexus.classworlds.launcher.Launcher clean install"/>
    <property name="java.specification.vendor" value="Oracle Corporation"/>
    <property name="user.language" value="uk"/>
    <property name="awt.toolkit" value="sun.awt.X11.XToolkit"/>
    <property name="java.vm.info" value="mixed mode"/>
    <property name="java.version" value="1.8.0_131"/>
    <property name="java.ext.dirs" value="/usr/lib/jvm/java-8-oracle/jre/lib/ext:/usr/java/packages/lib/ext"/>
    <property name="securerandom.source" value="file:/dev/./urandom"/>
    <property name="sun.boot.class.path" value="/usr/lib/jvm/java-8-oracle/jre/lib/resources.jar:/usr/lib/jvm/java-8-oracle/jre/lib/rt.jar:/usr/lib/jvm/java-8-oracle/jre/lib/sunrsasign.jar:/usr/lib/jvm/java-8-oracle/jre/lib/jsse.jar:/usr/lib/jvm/java-8-oracle/jre/lib/jce.jar:/usr/lib/jvm/java-8-oracle/jre/lib/charsets.jar:/usr/lib/jvm/java-8-oracle/jre/lib/jfr.jar:/usr/lib/jvm/java-8-oracle/jre/classes"/>
    <property name="java.vendor" value="Oracle Corporation"/>
    <property name="maven.home" value="/usr/share/maven"/>
    <property name="file.separator" value="/"/>
    <property name="java.vendor.url.bug" value="http://bugreport.sun.com/bugreport/"/>
    <property name="sun.cpu.endian" value="little"/>
    <property name="sun.io.unicode.encoding" value="UnicodeLittle"/>
    <property name="sun.cpu.isalist" value=""/>
  </properties>
  <testcase name="convertCtoF[0]" classname="com.brainacad.oop.testjunit.testcase.TemperatureConverterC2FTest" time="0"/>
  <testcase name="convertCtoF[1]" classname="com.brainacad.oop.testjunit.testcase.TemperatureConverterC2FTest" time="0"/>
  <testcase name="convertCtoF[2]" classname="com.brainacad.oop.testjunit.testcase.TemperatureConverterC2FTest" time="0"/>
  <testcase name="convertCtoF[3]" classname="com.brainacad.oop.testjunit.testcase.TemperatureConverterC2FTest" time="0"/>
  <testcase name="convertCtoF[4]" classname="com.brainacad.oop.testjunit.testcase.TemperatureConverterC2FTest" time="0"/>
  <testcase name="convertCtoF[5]" classname="com.brainacad.oop.testjunit.testcase.TemperatureConverterC2FTest" time="0"/>
  <testcase name="convertCtoF[6]" classname="com.brainacad.oop.testjunit.testcase.TemperatureConverterC2FTest" time="0.001"/>
  <testcase name="convertCtoF[7]" classname="com.brainacad.oop.testjunit.testcase.TemperatureConverterC2FTest" time="0"/>
  <testcase name="convertCtoF[8]" classname="com.brainacad.oop.testjunit.testcase.TemperatureConverterC2FTest" time="0"/>
  <testcase name="convertCtoF[9]" classname="com.brainacad.oop.testjunit.testcase.TemperatureConverterC2FTest" time="0"/>
  <testcase name="convertCtoF[10]" classname="com.brainacad.oop.testjunit.testcase.TemperatureConverterC2FTest" time="0"/>
  <testcase name="convertCtoF[11]" classname="com.brainacad.oop.testjunit.testcase.TemperatureConverterC2FTest" time="0"/>
  <testcase name="convertCtoF[12]" classname="com.brainacad.oop.testjunit.testcase.TemperatureConverterC2FTest" time="0"/>
  <testcase name="convertCtoF[13]" classname="com.brainacad.oop.testjunit.testcase.TemperatureConverterC2FTest" time="0"/>
  <testcase name="convertCtoF[14]" classname="com.brainacad.oop.testjunit.testcase.TemperatureConverterC2FTest" time="0"/>
  <testcase name="convertCtoF[15]" classname="com.brainacad.oop.testjunit.testcase.TemperatureConverterC2FTest" time="0.001"/>
  <testcase name="convertCtoF[16]" classname="com.brainacad.oop.testjunit.testcase.TemperatureConverterC2FTest" time="0"/>
  <testcase name="convertCtoF[17]" classname="com.brainacad.oop.testjunit.testcase.TemperatureConverterC2FTest" time="0"/>
  <testcase name="convertCtoF[18]" classname="com.brainacad.oop.testjunit.testcase.TemperatureConverterC2FTest" time="0"/>
  <testcase name="convertCtoF[19]" classname="com.brainacad.oop.testjunit.testcase.TemperatureConverterC2FTest" time="0"/>
  <testcase name="convertCtoF[20]" classname="com.brainacad.oop.testjunit.testcase.TemperatureConverterC2FTest" time="0"/>
  <testcase name="convertCtoF[21]" classname="com.brainacad.oop.testjunit.testcase.TemperatureConverterC2FTest" time="0"/>
  <testcase name="convertCtoF[22]" classname="com.brainacad.oop.testjunit.testcase.TemperatureConverterC2FTest" time="0"/>
  <testcase name="convertCtoF[23]" classname="com.brainacad.oop.testjunit.testcase.TemperatureConverterC2FTest" time="0"/>
  <testcase name="convertCtoF[24]" classname="com.brainacad.oop.testjunit.testcase.TemperatureConverterC2FTest" time="0"/>
  <testcase name="convertCtoF[25]" classname="com.brainacad.oop.testjunit.testcase.TemperatureConverterC2FTest" time="0"/>
  <testcase name="convertCtoF[26]" classname="com.brainacad.oop.testjunit.testcase.TemperatureConverterC2FTest" time="0"/>
  <testcase name="convertCtoF[27]" classname="com.brainacad.oop.testjunit.testcase.TemperatureConverterC2FTest" time="0"/>
  <testcase name="convertCtoF[28]" classname="com.brainacad.oop.testjunit.testcase.TemperatureConverterC2FTest" time="0"/>
  <testcase name="convertCtoF[29]" classname="com.brainacad.oop.testjunit.testcase.TemperatureConverterC2FTest" time="0"/>
  <testcase name="convertCtoF[30]" classname="com.brainacad.oop.testjunit.testcase.TemperatureConverterC2FTest" time="0"/>
  <testcase name="convertCtoF[31]" classname="com.brainacad.oop.testjunit.testcase.TemperatureConverterC2FTest" time="0"/>
  <testcase name="convertCtoF[32]" classname="com.brainacad.oop.testjunit.testcase.TemperatureConverterC2FTest" time="0.001"/>
  <testcase name="convertCtoF[33]" classname="com.brainacad.oop.testjunit.testcase.TemperatureConverterC2FTest" time="0"/>
  <testcase name="convertCtoF[34]" classname="com.brainacad.oop.testjunit.testcase.TemperatureConverterC2FTest" time="0"/>
  <testcase name="convertCtoF[35]" classname="com.brainacad.oop.testjunit.testcase.TemperatureConverterC2FTest" time="0"/>
  <testcase name="convertCtoF[36]" classname="com.brainacad.oop.testjunit.testcase.TemperatureConverterC2FTest" time="0"/>
  <testcase name="convertCtoF[37]" classname="com.brainacad.oop.testjunit.testcase.TemperatureConverterC2FTest" time="0"/>
  <testcase name="convertCtoF[38]" classname="com.brainacad.oop.testjunit.testcase.TemperatureConverterC2FTest" time="0"/>
  <testcase name="convertCtoF[39]" classname="com.brainacad.oop.testjunit.testcase.TemperatureConverterC2FTest" time="0"/>
  <testcase name="convertCtoF[40]" classname="com.brainacad.oop.testjunit.testcase.TemperatureConverterC2FTest" time="0"/>
  <testcase name="convertCtoF[41]" classname="com.brainacad.oop.testjunit.testcase.TemperatureConverterC2FTest" time="0"/>
  <testcase name="convertCtoF[42]" classname="com.brainacad.oop.testjunit.testcase.TemperatureConverterC2FTest" time="0.001"/>
  <testcase name="convertCtoF[43]" classname="com.brainacad.oop.testjunit.testcase.TemperatureConverterC2FTest" time="0"/>
  <testcase name="convertCtoF[44]" classname="com.brainacad.oop.testjunit.testcase.TemperatureConverterC2FTest" time="0"/>
  <testcase name="convertCtoF[45]" classname="com.brainacad.oop.testjunit.testcase.TemperatureConverterC2FTest" time="0.001"/>
</testsuite>